<?xml version="1.0" encoding="UTF-8"?>
<testng-results skipped="0" failed="1" ignored="0" total="1" passed="0">
  <reporter-output>
  </reporter-output>
  <suite name="Default suite" duration-ms="5339" started-at="2022-10-11T05:24:40Z" finished-at="2022-10-11T05:24:45Z">
    <groups>
    </groups>
    <test name="Default test" duration-ms="5339" started-at="2022-10-11T05:24:40Z" finished-at="2022-10-11T05:24:45Z">
      <class name="session1TestNg.Logintest4$LoginTest2">
        <test-method status="PASS" signature="initDriver()[pri:0, instance:session1TestNg.Logintest4$LoginTest2@754ba872]" name="initDriver" is-config="true" duration-ms="2130" started-at="2022-10-11T00:24:40Z" finished-at="2022-10-11T00:24:42Z">
          <reporter-output>
          </reporter-output>
        </test-method> <!-- initDriver -->
        <test-method status="FAIL" signature="loginTest()[pri:0, instance:session1TestNg.Logintest4$LoginTest2@754ba872]" name="loginTest" duration-ms="768" started-at="2022-10-11T00:24:42Z" finished-at="2022-10-11T00:24:43Z">
          <exception class="java.lang.AssertionError">
            <message>
              <![CDATA[Page not found expected [Dashboard] but found [[[ChromeDriver: chrome on ANY (10b56b7277273c16a2ba1879ddf94ac2)] -> xpath: //*[@id="page-wrapper"]/div[2]/div/h2]]]]>
            </message>
            <full-stacktrace>
              <![CDATA[java.lang.AssertionError: Page not found expected [Dashboard] but found [[[ChromeDriver: chrome on ANY (10b56b7277273c16a2ba1879ddf94ac2)] -> xpath: //*[@id="page-wrapper"]/div[2]/div/h2]]
	at org.testng.Assert.fail(Assert.java:93)
	at org.testng.Assert.failNotEquals(Assert.java:512)
	at org.testng.Assert.assertEqualsImpl(Assert.java:134)
	at org.testng.Assert.assertEquals(Assert.java:115)
	at session1TestNg.Logintest4$LoginTest2.loginTest(Logintest4.java:45)
	at sun.reflect.NativeMethodAccessorImpl.invoke0(Native Method)
	at sun.reflect.NativeMethodAccessorImpl.invoke(NativeMethodAccessorImpl.java:62)
	at sun.reflect.DelegatingMethodAccessorImpl.invoke(DelegatingMethodAccessorImpl.java:43)
	at java.lang.reflect.Method.invoke(Method.java:498)
	at org.testng.internal.MethodInvocationHelper.invokeMethod(MethodInvocationHelper.java:108)
	at org.testng.internal.Invoker.invokeMethod(Invoker.java:661)
	at org.testng.internal.Invoker.invokeTestMethod(Invoker.java:869)
	at org.testng.internal.Invoker.invokeTestMethods(Invoker.java:1193)
	at org.testng.internal.TestMethodWorker.invokeTestMethods(TestMethodWorker.java:126)
	at org.testng.internal.TestMethodWorker.run(TestMethodWorker.java:109)
	at org.testng.TestRunner.privateRun(TestRunner.java:744)
	at org.testng.TestRunner.run(TestRunner.java:602)
	at org.testng.SuiteRunner.runTest(SuiteRunner.java:380)
	at org.testng.SuiteRunner.runSequentially(SuiteRunner.java:375)
	at org.testng.SuiteRunner.privateRun(SuiteRunner.java:340)
	at org.testng.SuiteRunner.run(SuiteRunner.java:289)
	at org.testng.SuiteRunnerWorker.runSuite(SuiteRunnerWorker.java:52)
	at org.testng.SuiteRunnerWorker.run(SuiteRunnerWorker.java:86)
	at org.testng.TestNG.runSuitesSequentially(TestNG.java:1301)
	at org.testng.TestNG.runSuitesLocally(TestNG.java:1226)
	at org.testng.TestNG.runSuites(TestNG.java:1144)
	at org.testng.TestNG.run(TestNG.java:1115)
	at org.testng.remote.AbstractRemoteTestNG.run(AbstractRemoteTestNG.java:132)
	at org.testng.remote.RemoteTestNG.initAndRun(RemoteTestNG.java:230)
	at org.testng.remote.RemoteTestNG.main(RemoteTestNG.java:76)
]]>
            </full-stacktrace>
          </exception> <!-- java.lang.AssertionError -->
          <reporter-output>
          </reporter-output>
        </test-method> <!-- loginTest -->
        <test-method status="PASS" signature="tearDown()[pri:0, instance:session1TestNg.Logintest4$LoginTest2@754ba872]" name="tearDown" is-config="true" duration-ms="2429" started-at="2022-10-11T00:24:43Z" finished-at="2022-10-11T00:24:45Z">
          <reporter-output>
          </reporter-output>
        </test-method> <!-- tearDown -->
      </class> <!-- session1TestNg.Logintest4$LoginTest2 -->
    </test> <!-- Default test -->
  </suite> <!-- Default suite -->
</testng-results>
